Arguments: 
  /Users/dustin/.nvm/versions/node/v6.4.0/bin/node /usr/local/Cellar/yarn/1.3.2/libexec/bin/yarn.js init

PATH: 
  /Applications/MAMP/Library/bin/mysql:/Users/dustin/Development/google-cloud-sdk/bin:/opt/local/bin:/opt/local/sbin:/Users/dustin/.nvm/versions/node/v6.4.0/bin:/usr/local/heroku/bin:/usr/local/bin:/usr/bin:/bin:/usr/sbin:/sbin:/opt/X11/bin:/opt/ImageMagick/bin:/Library/TeX/texbin:/Development/adt-bundle/sdk/platform-tools:/Development/adt-bundle/sdk/tools

Yarn version: 
  1.3.2

Node version: 
  6.4.0

Platform: 
  darwin x64

npm manifest: 
  {
    "name": "imdb-graph",
    "version": "1.0.0",
    "main": "index.js",
    "license": "MIT"
  }

yarn manifest: 
  No manifest

Lockfile: 
  No lockfile

Trace: 
  Error: canceled
      at Interface.<anonymous> (/usr/local/Cellar/yarn/1.3.2/libexec/lib/cli.js:121045:13)
      at emitNone (events.js:86:13)
      at Interface.emit (events.js:185:7)
      at Interface._ttyWrite (readline.js:715:16)
      at ReadStream.onkeypress (readline.js:119:10)
      at emitTwo (events.js:106:13)
      at ReadStream.emit (events.js:191:7)
      at emitKeys (internal/readline.js:385:14)
      at next (native)
      at ReadStream.onData (readline.js:947:36)
